[2023-03-21 00:00:22,529] {processor.py:153} INFO - Started process (PID=1219) to work on /opt/airflow/dags/data_cleansed.py
[2023-03-21 00:00:22,530] {processor.py:641} INFO - Processing file /opt/airflow/dags/data_cleansed.py for tasks to queue
[2023-03-21 00:00:22,531] {logging_mixin.py:115} INFO - [2023-03-21 00:00:22,531] {dagbag.py:507} INFO - Filling up the DagBag from /opt/airflow/dags/data_cleansed.py
[2023-03-21 00:00:25,349] {processor.py:653} WARNING - No viable dags retrieved from /opt/airflow/dags/data_cleansed.py
[2023-03-21 00:00:25,387] {processor.py:161} INFO - Processing /opt/airflow/dags/data_cleansed.py took 2.862 seconds
[2023-03-21 00:00:56,145] {processor.py:153} INFO - Started process (PID=1284) to work on /opt/airflow/dags/data_cleansed.py
[2023-03-21 00:00:56,146] {processor.py:641} INFO - Processing file /opt/airflow/dags/data_cleansed.py for tasks to queue
[2023-03-21 00:00:56,148] {logging_mixin.py:115} INFO - [2023-03-21 00:00:56,147] {dagbag.py:507} INFO - Filling up the DagBag from /opt/airflow/dags/data_cleansed.py
[2023-03-21 00:00:56,351] {processor.py:653} WARNING - No viable dags retrieved from /opt/airflow/dags/data_cleansed.py
[2023-03-21 00:00:56,365] {processor.py:161} INFO - Processing /opt/airflow/dags/data_cleansed.py took 0.224 seconds
[2023-03-21 00:01:26,701] {processor.py:153} INFO - Started process (PID=1349) to work on /opt/airflow/dags/data_cleansed.py
[2023-03-21 00:01:26,703] {processor.py:641} INFO - Processing file /opt/airflow/dags/data_cleansed.py for tasks to queue
[2023-03-21 00:01:26,704] {logging_mixin.py:115} INFO - [2023-03-21 00:01:26,704] {dagbag.py:507} INFO - Filling up the DagBag from /opt/airflow/dags/data_cleansed.py
[2023-03-21 00:01:27,038] {processor.py:653} WARNING - No viable dags retrieved from /opt/airflow/dags/data_cleansed.py
[2023-03-21 00:01:27,081] {processor.py:161} INFO - Processing /opt/airflow/dags/data_cleansed.py took 0.384 seconds
[2023-03-21 00:01:57,691] {processor.py:153} INFO - Started process (PID=1405) to work on /opt/airflow/dags/data_cleansed.py
[2023-03-21 00:01:57,692] {processor.py:641} INFO - Processing file /opt/airflow/dags/data_cleansed.py for tasks to queue
[2023-03-21 00:01:57,694] {logging_mixin.py:115} INFO - [2023-03-21 00:01:57,693] {dagbag.py:507} INFO - Filling up the DagBag from /opt/airflow/dags/data_cleansed.py
[2023-03-21 00:01:57,903] {processor.py:653} WARNING - No viable dags retrieved from /opt/airflow/dags/data_cleansed.py
[2023-03-21 00:01:57,917] {processor.py:161} INFO - Processing /opt/airflow/dags/data_cleansed.py took 0.231 seconds
[2023-03-21 00:02:28,181] {processor.py:153} INFO - Started process (PID=1470) to work on /opt/airflow/dags/data_cleansed.py
[2023-03-21 00:02:28,184] {processor.py:641} INFO - Processing file /opt/airflow/dags/data_cleansed.py for tasks to queue
[2023-03-21 00:02:28,189] {logging_mixin.py:115} INFO - [2023-03-21 00:02:28,189] {dagbag.py:507} INFO - Filling up the DagBag from /opt/airflow/dags/data_cleansed.py
[2023-03-21 00:02:28,918] {processor.py:653} WARNING - No viable dags retrieved from /opt/airflow/dags/data_cleansed.py
[2023-03-21 00:02:28,965] {processor.py:161} INFO - Processing /opt/airflow/dags/data_cleansed.py took 0.801 seconds
[2023-03-21 00:02:59,436] {processor.py:153} INFO - Started process (PID=1526) to work on /opt/airflow/dags/data_cleansed.py
[2023-03-21 00:02:59,437] {processor.py:641} INFO - Processing file /opt/airflow/dags/data_cleansed.py for tasks to queue
[2023-03-21 00:02:59,438] {logging_mixin.py:115} INFO - [2023-03-21 00:02:59,438] {dagbag.py:507} INFO - Filling up the DagBag from /opt/airflow/dags/data_cleansed.py
[2023-03-21 00:02:59,661] {processor.py:653} WARNING - No viable dags retrieved from /opt/airflow/dags/data_cleansed.py
[2023-03-21 00:02:59,680] {processor.py:161} INFO - Processing /opt/airflow/dags/data_cleansed.py took 0.249 seconds
[2023-03-21 00:03:29,862] {processor.py:153} INFO - Started process (PID=1591) to work on /opt/airflow/dags/data_cleansed.py
[2023-03-21 00:03:29,866] {processor.py:641} INFO - Processing file /opt/airflow/dags/data_cleansed.py for tasks to queue
[2023-03-21 00:03:29,872] {logging_mixin.py:115} INFO - [2023-03-21 00:03:29,872] {dagbag.py:507} INFO - Filling up the DagBag from /opt/airflow/dags/data_cleansed.py
[2023-03-21 00:03:30,211] {processor.py:653} WARNING - No viable dags retrieved from /opt/airflow/dags/data_cleansed.py
[2023-03-21 00:03:30,229] {processor.py:161} INFO - Processing /opt/airflow/dags/data_cleansed.py took 0.381 seconds
[2023-03-21 00:04:00,298] {processor.py:153} INFO - Started process (PID=1646) to work on /opt/airflow/dags/data_cleansed.py
[2023-03-21 00:04:00,300] {processor.py:641} INFO - Processing file /opt/airflow/dags/data_cleansed.py for tasks to queue
[2023-03-21 00:04:00,302] {logging_mixin.py:115} INFO - [2023-03-21 00:04:00,302] {dagbag.py:507} INFO - Filling up the DagBag from /opt/airflow/dags/data_cleansed.py
[2023-03-21 00:04:00,919] {processor.py:653} WARNING - No viable dags retrieved from /opt/airflow/dags/data_cleansed.py
[2023-03-21 00:04:00,945] {processor.py:161} INFO - Processing /opt/airflow/dags/data_cleansed.py took 0.654 seconds
[2023-03-21 00:04:31,733] {processor.py:153} INFO - Started process (PID=1712) to work on /opt/airflow/dags/data_cleansed.py
[2023-03-21 00:04:31,734] {processor.py:641} INFO - Processing file /opt/airflow/dags/data_cleansed.py for tasks to queue
[2023-03-21 00:04:31,736] {logging_mixin.py:115} INFO - [2023-03-21 00:04:31,736] {dagbag.py:507} INFO - Filling up the DagBag from /opt/airflow/dags/data_cleansed.py
[2023-03-21 00:04:31,927] {processor.py:653} WARNING - No viable dags retrieved from /opt/airflow/dags/data_cleansed.py
[2023-03-21 00:04:31,942] {processor.py:161} INFO - Processing /opt/airflow/dags/data_cleansed.py took 0.213 seconds
[2023-03-21 00:05:02,400] {processor.py:153} INFO - Started process (PID=1768) to work on /opt/airflow/dags/data_cleansed.py
[2023-03-21 00:05:02,401] {processor.py:641} INFO - Processing file /opt/airflow/dags/data_cleansed.py for tasks to queue
[2023-03-21 00:05:02,402] {logging_mixin.py:115} INFO - [2023-03-21 00:05:02,402] {dagbag.py:507} INFO - Filling up the DagBag from /opt/airflow/dags/data_cleansed.py
[2023-03-21 00:05:02,609] {processor.py:653} WARNING - No viable dags retrieved from /opt/airflow/dags/data_cleansed.py
[2023-03-21 00:05:02,622] {processor.py:161} INFO - Processing /opt/airflow/dags/data_cleansed.py took 0.227 seconds
[2023-03-21 00:05:33,019] {processor.py:153} INFO - Started process (PID=1833) to work on /opt/airflow/dags/data_cleansed.py
[2023-03-21 00:05:33,021] {processor.py:641} INFO - Processing file /opt/airflow/dags/data_cleansed.py for tasks to queue
[2023-03-21 00:05:33,022] {logging_mixin.py:115} INFO - [2023-03-21 00:05:33,022] {dagbag.py:507} INFO - Filling up the DagBag from /opt/airflow/dags/data_cleansed.py
[2023-03-21 00:05:33,222] {processor.py:653} WARNING - No viable dags retrieved from /opt/airflow/dags/data_cleansed.py
[2023-03-21 00:05:33,237] {processor.py:161} INFO - Processing /opt/airflow/dags/data_cleansed.py took 0.221 seconds
[2023-03-21 00:06:04,132] {processor.py:153} INFO - Started process (PID=1898) to work on /opt/airflow/dags/data_cleansed.py
[2023-03-21 00:06:04,133] {processor.py:641} INFO - Processing file /opt/airflow/dags/data_cleansed.py for tasks to queue
[2023-03-21 00:06:04,134] {logging_mixin.py:115} INFO - [2023-03-21 00:06:04,134] {dagbag.py:507} INFO - Filling up the DagBag from /opt/airflow/dags/data_cleansed.py
[2023-03-21 00:06:04,200] {processor.py:653} WARNING - No viable dags retrieved from /opt/airflow/dags/data_cleansed.py
[2023-03-21 00:06:04,218] {processor.py:161} INFO - Processing /opt/airflow/dags/data_cleansed.py took 0.091 seconds
[2023-03-21 00:06:34,696] {processor.py:153} INFO - Started process (PID=1954) to work on /opt/airflow/dags/data_cleansed.py
[2023-03-21 00:06:34,697] {processor.py:641} INFO - Processing file /opt/airflow/dags/data_cleansed.py for tasks to queue
[2023-03-21 00:06:34,698] {logging_mixin.py:115} INFO - [2023-03-21 00:06:34,698] {dagbag.py:507} INFO - Filling up the DagBag from /opt/airflow/dags/data_cleansed.py
[2023-03-21 00:06:34,766] {processor.py:653} WARNING - No viable dags retrieved from /opt/airflow/dags/data_cleansed.py
[2023-03-21 00:06:34,783] {processor.py:161} INFO - Processing /opt/airflow/dags/data_cleansed.py took 0.092 seconds
[2023-03-21 00:07:05,738] {processor.py:153} INFO - Started process (PID=2019) to work on /opt/airflow/dags/data_cleansed.py
[2023-03-21 00:07:05,741] {processor.py:641} INFO - Processing file /opt/airflow/dags/data_cleansed.py for tasks to queue
[2023-03-21 00:07:05,744] {logging_mixin.py:115} INFO - [2023-03-21 00:07:05,743] {dagbag.py:507} INFO - Filling up the DagBag from /opt/airflow/dags/data_cleansed.py
[2023-03-21 00:07:05,845] {processor.py:653} WARNING - No viable dags retrieved from /opt/airflow/dags/data_cleansed.py
[2023-03-21 00:07:05,863] {processor.py:161} INFO - Processing /opt/airflow/dags/data_cleansed.py took 0.133 seconds
[2023-03-21 00:07:36,222] {processor.py:153} INFO - Started process (PID=2084) to work on /opt/airflow/dags/data_cleansed.py
[2023-03-21 00:07:36,223] {processor.py:641} INFO - Processing file /opt/airflow/dags/data_cleansed.py for tasks to queue
[2023-03-21 00:07:36,225] {logging_mixin.py:115} INFO - [2023-03-21 00:07:36,224] {dagbag.py:507} INFO - Filling up the DagBag from /opt/airflow/dags/data_cleansed.py
[2023-03-21 00:07:36,301] {processor.py:653} WARNING - No viable dags retrieved from /opt/airflow/dags/data_cleansed.py
[2023-03-21 00:07:36,324] {processor.py:161} INFO - Processing /opt/airflow/dags/data_cleansed.py took 0.106 seconds
[2023-03-21 00:08:06,398] {processor.py:153} INFO - Started process (PID=2139) to work on /opt/airflow/dags/data_cleansed.py
[2023-03-21 00:08:06,399] {processor.py:641} INFO - Processing file /opt/airflow/dags/data_cleansed.py for tasks to queue
[2023-03-21 00:08:06,401] {logging_mixin.py:115} INFO - [2023-03-21 00:08:06,401] {dagbag.py:507} INFO - Filling up the DagBag from /opt/airflow/dags/data_cleansed.py
[2023-03-21 00:08:06,476] {processor.py:653} WARNING - No viable dags retrieved from /opt/airflow/dags/data_cleansed.py
[2023-03-21 00:08:06,495] {processor.py:161} INFO - Processing /opt/airflow/dags/data_cleansed.py took 0.102 seconds
[2023-03-21 00:08:36,809] {processor.py:153} INFO - Started process (PID=2205) to work on /opt/airflow/dags/data_cleansed.py
[2023-03-21 00:08:36,810] {processor.py:641} INFO - Processing file /opt/airflow/dags/data_cleansed.py for tasks to queue
[2023-03-21 00:08:36,812] {logging_mixin.py:115} INFO - [2023-03-21 00:08:36,812] {dagbag.py:507} INFO - Filling up the DagBag from /opt/airflow/dags/data_cleansed.py
[2023-03-21 00:08:37,035] {processor.py:653} WARNING - No viable dags retrieved from /opt/airflow/dags/data_cleansed.py
[2023-03-21 00:08:37,063] {processor.py:161} INFO - Processing /opt/airflow/dags/data_cleansed.py took 0.258 seconds
[2023-03-21 00:09:07,509] {processor.py:153} INFO - Started process (PID=2270) to work on /opt/airflow/dags/data_cleansed.py
[2023-03-21 00:09:07,510] {processor.py:641} INFO - Processing file /opt/airflow/dags/data_cleansed.py for tasks to queue
[2023-03-21 00:09:07,512] {logging_mixin.py:115} INFO - [2023-03-21 00:09:07,512] {dagbag.py:507} INFO - Filling up the DagBag from /opt/airflow/dags/data_cleansed.py
[2023-03-21 00:09:07,573] {processor.py:653} WARNING - No viable dags retrieved from /opt/airflow/dags/data_cleansed.py
[2023-03-21 00:09:07,589] {processor.py:161} INFO - Processing /opt/airflow/dags/data_cleansed.py took 0.085 seconds
[2023-03-21 00:09:37,767] {processor.py:153} INFO - Started process (PID=2326) to work on /opt/airflow/dags/data_cleansed.py
[2023-03-21 00:09:37,769] {processor.py:641} INFO - Processing file /opt/airflow/dags/data_cleansed.py for tasks to queue
[2023-03-21 00:09:37,770] {logging_mixin.py:115} INFO - [2023-03-21 00:09:37,770] {dagbag.py:507} INFO - Filling up the DagBag from /opt/airflow/dags/data_cleansed.py
[2023-03-21 00:09:37,849] {processor.py:653} WARNING - No viable dags retrieved from /opt/airflow/dags/data_cleansed.py
[2023-03-21 00:09:37,866] {processor.py:161} INFO - Processing /opt/airflow/dags/data_cleansed.py took 0.105 seconds
[2023-03-21 00:10:08,592] {processor.py:153} INFO - Started process (PID=2391) to work on /opt/airflow/dags/data_cleansed.py
[2023-03-21 00:10:08,593] {processor.py:641} INFO - Processing file /opt/airflow/dags/data_cleansed.py for tasks to queue
[2023-03-21 00:10:08,594] {logging_mixin.py:115} INFO - [2023-03-21 00:10:08,594] {dagbag.py:507} INFO - Filling up the DagBag from /opt/airflow/dags/data_cleansed.py
[2023-03-21 00:10:08,659] {processor.py:653} WARNING - No viable dags retrieved from /opt/airflow/dags/data_cleansed.py
[2023-03-21 00:10:08,674] {processor.py:161} INFO - Processing /opt/airflow/dags/data_cleansed.py took 0.088 seconds
[2023-03-21 00:10:38,738] {processor.py:153} INFO - Started process (PID=2453) to work on /opt/airflow/dags/data_cleansed.py
[2023-03-21 00:10:38,739] {processor.py:641} INFO - Processing file /opt/airflow/dags/data_cleansed.py for tasks to queue
[2023-03-21 00:10:38,741] {logging_mixin.py:115} INFO - [2023-03-21 00:10:38,741] {dagbag.py:507} INFO - Filling up the DagBag from /opt/airflow/dags/data_cleansed.py
[2023-03-21 00:10:38,828] {processor.py:653} WARNING - No viable dags retrieved from /opt/airflow/dags/data_cleansed.py
[2023-03-21 00:10:38,844] {processor.py:161} INFO - Processing /opt/airflow/dags/data_cleansed.py took 0.112 seconds
[2023-03-21 00:11:09,096] {processor.py:153} INFO - Started process (PID=2512) to work on /opt/airflow/dags/data_cleansed.py
[2023-03-21 00:11:09,097] {processor.py:641} INFO - Processing file /opt/airflow/dags/data_cleansed.py for tasks to queue
[2023-03-21 00:11:09,098] {logging_mixin.py:115} INFO - [2023-03-21 00:11:09,098] {dagbag.py:507} INFO - Filling up the DagBag from /opt/airflow/dags/data_cleansed.py
[2023-03-21 00:11:09,172] {processor.py:653} WARNING - No viable dags retrieved from /opt/airflow/dags/data_cleansed.py
[2023-03-21 00:11:09,188] {processor.py:161} INFO - Processing /opt/airflow/dags/data_cleansed.py took 0.097 seconds
[2023-03-21 00:11:39,236] {processor.py:153} INFO - Started process (PID=2576) to work on /opt/airflow/dags/data_cleansed.py
[2023-03-21 00:11:39,238] {processor.py:641} INFO - Processing file /opt/airflow/dags/data_cleansed.py for tasks to queue
[2023-03-21 00:11:39,240] {logging_mixin.py:115} INFO - [2023-03-21 00:11:39,239] {dagbag.py:507} INFO - Filling up the DagBag from /opt/airflow/dags/data_cleansed.py
[2023-03-21 00:11:39,377] {processor.py:653} WARNING - No viable dags retrieved from /opt/airflow/dags/data_cleansed.py
[2023-03-21 00:11:39,433] {processor.py:161} INFO - Processing /opt/airflow/dags/data_cleansed.py took 0.202 seconds
[2023-03-21 00:12:10,413] {processor.py:153} INFO - Started process (PID=2634) to work on /opt/airflow/dags/data_cleansed.py
[2023-03-21 00:12:10,421] {processor.py:641} INFO - Processing file /opt/airflow/dags/data_cleansed.py for tasks to queue
[2023-03-21 00:12:10,425] {logging_mixin.py:115} INFO - [2023-03-21 00:12:10,425] {dagbag.py:507} INFO - Filling up the DagBag from /opt/airflow/dags/data_cleansed.py
[2023-03-21 00:12:10,498] {processor.py:653} WARNING - No viable dags retrieved from /opt/airflow/dags/data_cleansed.py
[2023-03-21 00:12:10,519] {processor.py:161} INFO - Processing /opt/airflow/dags/data_cleansed.py took 0.111 seconds
[2023-03-21 00:12:40,866] {processor.py:153} INFO - Started process (PID=2699) to work on /opt/airflow/dags/data_cleansed.py
[2023-03-21 00:12:40,867] {processor.py:641} INFO - Processing file /opt/airflow/dags/data_cleansed.py for tasks to queue
[2023-03-21 00:12:40,868] {logging_mixin.py:115} INFO - [2023-03-21 00:12:40,868] {dagbag.py:507} INFO - Filling up the DagBag from /opt/airflow/dags/data_cleansed.py
[2023-03-21 00:12:40,938] {processor.py:653} WARNING - No viable dags retrieved from /opt/airflow/dags/data_cleansed.py
[2023-03-21 00:12:40,956] {processor.py:161} INFO - Processing /opt/airflow/dags/data_cleansed.py took 0.095 seconds
[2023-03-21 00:13:11,405] {processor.py:153} INFO - Started process (PID=2764) to work on /opt/airflow/dags/data_cleansed.py
[2023-03-21 00:13:11,407] {processor.py:641} INFO - Processing file /opt/airflow/dags/data_cleansed.py for tasks to queue
[2023-03-21 00:13:11,409] {logging_mixin.py:115} INFO - [2023-03-21 00:13:11,409] {dagbag.py:507} INFO - Filling up the DagBag from /opt/airflow/dags/data_cleansed.py
[2023-03-21 00:13:11,481] {processor.py:653} WARNING - No viable dags retrieved from /opt/airflow/dags/data_cleansed.py
[2023-03-21 00:13:11,497] {processor.py:161} INFO - Processing /opt/airflow/dags/data_cleansed.py took 0.098 seconds
[2023-03-21 00:13:41,837] {processor.py:153} INFO - Started process (PID=2820) to work on /opt/airflow/dags/data_cleansed.py
[2023-03-21 00:13:41,838] {processor.py:641} INFO - Processing file /opt/airflow/dags/data_cleansed.py for tasks to queue
[2023-03-21 00:13:41,839] {logging_mixin.py:115} INFO - [2023-03-21 00:13:41,839] {dagbag.py:507} INFO - Filling up the DagBag from /opt/airflow/dags/data_cleansed.py
[2023-03-21 00:13:41,904] {processor.py:653} WARNING - No viable dags retrieved from /opt/airflow/dags/data_cleansed.py
[2023-03-21 00:13:41,921] {processor.py:161} INFO - Processing /opt/airflow/dags/data_cleansed.py took 0.091 seconds
[2023-03-21 00:14:12,153] {processor.py:153} INFO - Started process (PID=2884) to work on /opt/airflow/dags/data_cleansed.py
[2023-03-21 00:14:12,154] {processor.py:641} INFO - Processing file /opt/airflow/dags/data_cleansed.py for tasks to queue
[2023-03-21 00:14:12,155] {logging_mixin.py:115} INFO - [2023-03-21 00:14:12,155] {dagbag.py:507} INFO - Filling up the DagBag from /opt/airflow/dags/data_cleansed.py
[2023-03-21 00:14:12,219] {processor.py:653} WARNING - No viable dags retrieved from /opt/airflow/dags/data_cleansed.py
[2023-03-21 00:14:12,242] {processor.py:161} INFO - Processing /opt/airflow/dags/data_cleansed.py took 0.094 seconds
[2023-03-21 00:14:42,688] {processor.py:153} INFO - Started process (PID=2949) to work on /opt/airflow/dags/data_cleansed.py
[2023-03-21 00:14:42,690] {processor.py:641} INFO - Processing file /opt/airflow/dags/data_cleansed.py for tasks to queue
[2023-03-21 00:14:42,691] {logging_mixin.py:115} INFO - [2023-03-21 00:14:42,691] {dagbag.py:507} INFO - Filling up the DagBag from /opt/airflow/dags/data_cleansed.py
[2023-03-21 00:14:42,764] {processor.py:653} WARNING - No viable dags retrieved from /opt/airflow/dags/data_cleansed.py
[2023-03-21 00:14:42,781] {processor.py:161} INFO - Processing /opt/airflow/dags/data_cleansed.py took 0.098 seconds
[2023-03-21 00:15:13,101] {processor.py:153} INFO - Started process (PID=3005) to work on /opt/airflow/dags/data_cleansed.py
[2023-03-21 00:15:13,102] {processor.py:641} INFO - Processing file /opt/airflow/dags/data_cleansed.py for tasks to queue
[2023-03-21 00:15:13,104] {logging_mixin.py:115} INFO - [2023-03-21 00:15:13,103] {dagbag.py:507} INFO - Filling up the DagBag from /opt/airflow/dags/data_cleansed.py
[2023-03-21 00:15:13,169] {processor.py:653} WARNING - No viable dags retrieved from /opt/airflow/dags/data_cleansed.py
[2023-03-21 00:15:13,184] {processor.py:161} INFO - Processing /opt/airflow/dags/data_cleansed.py took 0.091 seconds
[2023-03-21 00:15:43,696] {processor.py:153} INFO - Started process (PID=3070) to work on /opt/airflow/dags/data_cleansed.py
[2023-03-21 00:15:43,698] {processor.py:641} INFO - Processing file /opt/airflow/dags/data_cleansed.py for tasks to queue
[2023-03-21 00:15:43,699] {logging_mixin.py:115} INFO - [2023-03-21 00:15:43,699] {dagbag.py:507} INFO - Filling up the DagBag from /opt/airflow/dags/data_cleansed.py
[2023-03-21 00:15:43,764] {processor.py:653} WARNING - No viable dags retrieved from /opt/airflow/dags/data_cleansed.py
[2023-03-21 00:15:43,782] {processor.py:161} INFO - Processing /opt/airflow/dags/data_cleansed.py took 0.090 seconds
[2023-03-21 00:16:13,935] {processor.py:153} INFO - Started process (PID=3135) to work on /opt/airflow/dags/data_cleansed.py
[2023-03-21 00:16:13,936] {processor.py:641} INFO - Processing file /opt/airflow/dags/data_cleansed.py for tasks to queue
[2023-03-21 00:16:13,938] {logging_mixin.py:115} INFO - [2023-03-21 00:16:13,937] {dagbag.py:507} INFO - Filling up the DagBag from /opt/airflow/dags/data_cleansed.py
[2023-03-21 00:16:14,001] {processor.py:653} WARNING - No viable dags retrieved from /opt/airflow/dags/data_cleansed.py
[2023-03-21 00:16:14,019] {processor.py:161} INFO - Processing /opt/airflow/dags/data_cleansed.py took 0.089 seconds
[2023-03-21 00:16:44,261] {processor.py:153} INFO - Started process (PID=3191) to work on /opt/airflow/dags/data_cleansed.py
[2023-03-21 00:16:44,262] {processor.py:641} INFO - Processing file /opt/airflow/dags/data_cleansed.py for tasks to queue
[2023-03-21 00:16:44,264] {logging_mixin.py:115} INFO - [2023-03-21 00:16:44,264] {dagbag.py:507} INFO - Filling up the DagBag from /opt/airflow/dags/data_cleansed.py
[2023-03-21 00:16:44,327] {processor.py:653} WARNING - No viable dags retrieved from /opt/airflow/dags/data_cleansed.py
[2023-03-21 00:16:44,345] {processor.py:161} INFO - Processing /opt/airflow/dags/data_cleansed.py took 0.089 seconds
[2023-03-21 00:17:14,723] {processor.py:153} INFO - Started process (PID=3256) to work on /opt/airflow/dags/data_cleansed.py
[2023-03-21 00:17:14,725] {processor.py:641} INFO - Processing file /opt/airflow/dags/data_cleansed.py for tasks to queue
[2023-03-21 00:17:14,727] {logging_mixin.py:115} INFO - [2023-03-21 00:17:14,727] {dagbag.py:507} INFO - Filling up the DagBag from /opt/airflow/dags/data_cleansed.py
[2023-03-21 00:17:14,785] {processor.py:653} WARNING - No viable dags retrieved from /opt/airflow/dags/data_cleansed.py
[2023-03-21 00:17:14,803] {processor.py:161} INFO - Processing /opt/airflow/dags/data_cleansed.py took 0.086 seconds
[2023-03-21 00:17:45,054] {processor.py:153} INFO - Started process (PID=3321) to work on /opt/airflow/dags/data_cleansed.py
[2023-03-21 00:17:45,055] {processor.py:641} INFO - Processing file /opt/airflow/dags/data_cleansed.py for tasks to queue
[2023-03-21 00:17:45,056] {logging_mixin.py:115} INFO - [2023-03-21 00:17:45,056] {dagbag.py:507} INFO - Filling up the DagBag from /opt/airflow/dags/data_cleansed.py
[2023-03-21 00:17:45,121] {processor.py:653} WARNING - No viable dags retrieved from /opt/airflow/dags/data_cleansed.py
[2023-03-21 00:17:45,139] {processor.py:161} INFO - Processing /opt/airflow/dags/data_cleansed.py took 0.090 seconds
[2023-03-21 00:18:15,796] {processor.py:153} INFO - Started process (PID=3377) to work on /opt/airflow/dags/data_cleansed.py
[2023-03-21 00:18:15,798] {processor.py:641} INFO - Processing file /opt/airflow/dags/data_cleansed.py for tasks to queue
[2023-03-21 00:18:15,800] {logging_mixin.py:115} INFO - [2023-03-21 00:18:15,800] {dagbag.py:507} INFO - Filling up the DagBag from /opt/airflow/dags/data_cleansed.py
[2023-03-21 00:18:15,903] {processor.py:653} WARNING - No viable dags retrieved from /opt/airflow/dags/data_cleansed.py
[2023-03-21 00:18:15,953] {processor.py:161} INFO - Processing /opt/airflow/dags/data_cleansed.py took 0.165 seconds
[2023-03-21 00:18:46,004] {processor.py:153} INFO - Started process (PID=3441) to work on /opt/airflow/dags/data_cleansed.py
[2023-03-21 00:18:46,008] {processor.py:641} INFO - Processing file /opt/airflow/dags/data_cleansed.py for tasks to queue
[2023-03-21 00:18:46,010] {logging_mixin.py:115} INFO - [2023-03-21 00:18:46,009] {dagbag.py:507} INFO - Filling up the DagBag from /opt/airflow/dags/data_cleansed.py
[2023-03-21 00:18:46,089] {processor.py:653} WARNING - No viable dags retrieved from /opt/airflow/dags/data_cleansed.py
[2023-03-21 00:18:46,108] {processor.py:161} INFO - Processing /opt/airflow/dags/data_cleansed.py took 0.110 seconds
[2023-03-21 00:19:16,244] {processor.py:153} INFO - Started process (PID=3506) to work on /opt/airflow/dags/data_cleansed.py
[2023-03-21 00:19:16,246] {processor.py:641} INFO - Processing file /opt/airflow/dags/data_cleansed.py for tasks to queue
[2023-03-21 00:19:16,247] {logging_mixin.py:115} INFO - [2023-03-21 00:19:16,247] {dagbag.py:507} INFO - Filling up the DagBag from /opt/airflow/dags/data_cleansed.py
[2023-03-21 00:19:16,315] {processor.py:653} WARNING - No viable dags retrieved from /opt/airflow/dags/data_cleansed.py
[2023-03-21 00:19:16,332] {processor.py:161} INFO - Processing /opt/airflow/dags/data_cleansed.py took 0.092 seconds
[2023-03-21 00:19:46,592] {processor.py:153} INFO - Started process (PID=3562) to work on /opt/airflow/dags/data_cleansed.py
[2023-03-21 00:19:46,594] {processor.py:641} INFO - Processing file /opt/airflow/dags/data_cleansed.py for tasks to queue
[2023-03-21 00:19:46,595] {logging_mixin.py:115} INFO - [2023-03-21 00:19:46,595] {dagbag.py:507} INFO - Filling up the DagBag from /opt/airflow/dags/data_cleansed.py
[2023-03-21 00:19:46,665] {processor.py:653} WARNING - No viable dags retrieved from /opt/airflow/dags/data_cleansed.py
[2023-03-21 00:19:46,684] {processor.py:161} INFO - Processing /opt/airflow/dags/data_cleansed.py took 0.097 seconds
[2023-03-21 00:20:17,103] {processor.py:153} INFO - Started process (PID=3627) to work on /opt/airflow/dags/data_cleansed.py
[2023-03-21 00:20:17,105] {processor.py:641} INFO - Processing file /opt/airflow/dags/data_cleansed.py for tasks to queue
[2023-03-21 00:20:17,106] {logging_mixin.py:115} INFO - [2023-03-21 00:20:17,106] {dagbag.py:507} INFO - Filling up the DagBag from /opt/airflow/dags/data_cleansed.py
[2023-03-21 00:20:17,172] {processor.py:653} WARNING - No viable dags retrieved from /opt/airflow/dags/data_cleansed.py
[2023-03-21 00:20:17,189] {processor.py:161} INFO - Processing /opt/airflow/dags/data_cleansed.py took 0.092 seconds
[2023-03-21 00:20:47,777] {processor.py:153} INFO - Started process (PID=3693) to work on /opt/airflow/dags/data_cleansed.py
[2023-03-21 00:20:47,778] {processor.py:641} INFO - Processing file /opt/airflow/dags/data_cleansed.py for tasks to queue
[2023-03-21 00:20:47,780] {logging_mixin.py:115} INFO - [2023-03-21 00:20:47,780] {dagbag.py:507} INFO - Filling up the DagBag from /opt/airflow/dags/data_cleansed.py
[2023-03-21 00:20:47,844] {processor.py:653} WARNING - No viable dags retrieved from /opt/airflow/dags/data_cleansed.py
[2023-03-21 00:20:47,860] {processor.py:161} INFO - Processing /opt/airflow/dags/data_cleansed.py took 0.087 seconds
[2023-03-21 00:21:18,228] {processor.py:153} INFO - Started process (PID=3749) to work on /opt/airflow/dags/data_cleansed.py
[2023-03-21 00:21:18,229] {processor.py:641} INFO - Processing file /opt/airflow/dags/data_cleansed.py for tasks to queue
[2023-03-21 00:21:18,230] {logging_mixin.py:115} INFO - [2023-03-21 00:21:18,230] {dagbag.py:507} INFO - Filling up the DagBag from /opt/airflow/dags/data_cleansed.py
[2023-03-21 00:21:18,296] {processor.py:653} WARNING - No viable dags retrieved from /opt/airflow/dags/data_cleansed.py
[2023-03-21 00:21:18,310] {processor.py:161} INFO - Processing /opt/airflow/dags/data_cleansed.py took 0.087 seconds
[2023-03-21 00:21:48,649] {processor.py:153} INFO - Started process (PID=3814) to work on /opt/airflow/dags/data_cleansed.py
[2023-03-21 00:21:48,651] {processor.py:641} INFO - Processing file /opt/airflow/dags/data_cleansed.py for tasks to queue
[2023-03-21 00:21:48,653] {logging_mixin.py:115} INFO - [2023-03-21 00:21:48,653] {dagbag.py:507} INFO - Filling up the DagBag from /opt/airflow/dags/data_cleansed.py
[2023-03-21 00:21:48,718] {processor.py:653} WARNING - No viable dags retrieved from /opt/airflow/dags/data_cleansed.py
[2023-03-21 00:21:48,732] {processor.py:161} INFO - Processing /opt/airflow/dags/data_cleansed.py took 0.088 seconds
[2023-03-21 00:22:18,878] {processor.py:153} INFO - Started process (PID=3879) to work on /opt/airflow/dags/data_cleansed.py
[2023-03-21 00:22:18,879] {processor.py:641} INFO - Processing file /opt/airflow/dags/data_cleansed.py for tasks to queue
[2023-03-21 00:22:18,880] {logging_mixin.py:115} INFO - [2023-03-21 00:22:18,880] {dagbag.py:507} INFO - Filling up the DagBag from /opt/airflow/dags/data_cleansed.py
[2023-03-21 00:22:18,942] {processor.py:653} WARNING - No viable dags retrieved from /opt/airflow/dags/data_cleansed.py
[2023-03-21 00:22:18,958] {processor.py:161} INFO - Processing /opt/airflow/dags/data_cleansed.py took 0.085 seconds
[2023-03-21 00:22:49,177] {processor.py:153} INFO - Started process (PID=3935) to work on /opt/airflow/dags/data_cleansed.py
[2023-03-21 00:22:49,178] {processor.py:641} INFO - Processing file /opt/airflow/dags/data_cleansed.py for tasks to queue
[2023-03-21 00:22:49,180] {logging_mixin.py:115} INFO - [2023-03-21 00:22:49,180] {dagbag.py:507} INFO - Filling up the DagBag from /opt/airflow/dags/data_cleansed.py
[2023-03-21 00:22:49,247] {processor.py:653} WARNING - No viable dags retrieved from /opt/airflow/dags/data_cleansed.py
[2023-03-21 00:22:49,263] {processor.py:161} INFO - Processing /opt/airflow/dags/data_cleansed.py took 0.091 seconds
[2023-03-21 00:23:19,545] {processor.py:153} INFO - Started process (PID=4000) to work on /opt/airflow/dags/data_cleansed.py
[2023-03-21 00:23:19,546] {processor.py:641} INFO - Processing file /opt/airflow/dags/data_cleansed.py for tasks to queue
[2023-03-21 00:23:19,547] {logging_mixin.py:115} INFO - [2023-03-21 00:23:19,547] {dagbag.py:507} INFO - Filling up the DagBag from /opt/airflow/dags/data_cleansed.py
[2023-03-21 00:23:19,612] {processor.py:653} WARNING - No viable dags retrieved from /opt/airflow/dags/data_cleansed.py
[2023-03-21 00:23:19,627] {processor.py:161} INFO - Processing /opt/airflow/dags/data_cleansed.py took 0.087 seconds
[2023-03-21 00:23:49,982] {processor.py:153} INFO - Started process (PID=4065) to work on /opt/airflow/dags/data_cleansed.py
[2023-03-21 00:23:49,984] {processor.py:641} INFO - Processing file /opt/airflow/dags/data_cleansed.py for tasks to queue
[2023-03-21 00:23:49,985] {logging_mixin.py:115} INFO - [2023-03-21 00:23:49,985] {dagbag.py:507} INFO - Filling up the DagBag from /opt/airflow/dags/data_cleansed.py
[2023-03-21 00:23:50,052] {processor.py:653} WARNING - No viable dags retrieved from /opt/airflow/dags/data_cleansed.py
[2023-03-21 00:23:50,069] {processor.py:161} INFO - Processing /opt/airflow/dags/data_cleansed.py took 0.092 seconds
[2023-03-21 00:24:20,258] {processor.py:153} INFO - Started process (PID=4121) to work on /opt/airflow/dags/data_cleansed.py
[2023-03-21 00:24:20,259] {processor.py:641} INFO - Processing file /opt/airflow/dags/data_cleansed.py for tasks to queue
[2023-03-21 00:24:20,260] {logging_mixin.py:115} INFO - [2023-03-21 00:24:20,260] {dagbag.py:507} INFO - Filling up the DagBag from /opt/airflow/dags/data_cleansed.py
[2023-03-21 00:24:20,322] {processor.py:653} WARNING - No viable dags retrieved from /opt/airflow/dags/data_cleansed.py
[2023-03-21 00:24:20,337] {processor.py:161} INFO - Processing /opt/airflow/dags/data_cleansed.py took 0.085 seconds
[2023-03-21 00:24:50,602] {processor.py:153} INFO - Started process (PID=4186) to work on /opt/airflow/dags/data_cleansed.py
[2023-03-21 00:24:50,605] {processor.py:641} INFO - Processing file /opt/airflow/dags/data_cleansed.py for tasks to queue
[2023-03-21 00:24:50,607] {logging_mixin.py:115} INFO - [2023-03-21 00:24:50,607] {dagbag.py:507} INFO - Filling up the DagBag from /opt/airflow/dags/data_cleansed.py
[2023-03-21 00:24:50,689] {processor.py:653} WARNING - No viable dags retrieved from /opt/airflow/dags/data_cleansed.py
[2023-03-21 00:24:50,736] {processor.py:161} INFO - Processing /opt/airflow/dags/data_cleansed.py took 0.144 seconds
[2023-03-21 00:25:21,303] {processor.py:153} INFO - Started process (PID=4249) to work on /opt/airflow/dags/data_cleansed.py
[2023-03-21 00:25:21,304] {processor.py:641} INFO - Processing file /opt/airflow/dags/data_cleansed.py for tasks to queue
[2023-03-21 00:25:21,305] {logging_mixin.py:115} INFO - [2023-03-21 00:25:21,305] {dagbag.py:507} INFO - Filling up the DagBag from /opt/airflow/dags/data_cleansed.py
[2023-03-21 00:25:21,362] {processor.py:653} WARNING - No viable dags retrieved from /opt/airflow/dags/data_cleansed.py
[2023-03-21 00:25:21,378] {processor.py:161} INFO - Processing /opt/airflow/dags/data_cleansed.py took 0.079 seconds
[2023-03-21 00:25:51,500] {processor.py:153} INFO - Started process (PID=4307) to work on /opt/airflow/dags/data_cleansed.py
[2023-03-21 00:25:51,502] {processor.py:641} INFO - Processing file /opt/airflow/dags/data_cleansed.py for tasks to queue
[2023-03-21 00:25:51,504] {logging_mixin.py:115} INFO - [2023-03-21 00:25:51,504] {dagbag.py:507} INFO - Filling up the DagBag from /opt/airflow/dags/data_cleansed.py
[2023-03-21 00:25:51,559] {processor.py:653} WARNING - No viable dags retrieved from /opt/airflow/dags/data_cleansed.py
[2023-03-21 00:25:51,573] {processor.py:161} INFO - Processing /opt/airflow/dags/data_cleansed.py took 0.077 seconds
[2023-03-21 00:26:21,881] {processor.py:153} INFO - Started process (PID=4372) to work on /opt/airflow/dags/data_cleansed.py
[2023-03-21 00:26:21,891] {processor.py:641} INFO - Processing file /opt/airflow/dags/data_cleansed.py for tasks to queue
[2023-03-21 00:26:21,912] {logging_mixin.py:115} INFO - [2023-03-21 00:26:21,912] {dagbag.py:507} INFO - Filling up the DagBag from /opt/airflow/dags/data_cleansed.py
[2023-03-21 00:26:21,999] {processor.py:653} WARNING - No viable dags retrieved from /opt/airflow/dags/data_cleansed.py
[2023-03-21 00:26:22,013] {processor.py:161} INFO - Processing /opt/airflow/dags/data_cleansed.py took 0.136 seconds
[2023-03-21 00:26:52,230] {processor.py:153} INFO - Started process (PID=4428) to work on /opt/airflow/dags/data_cleansed.py
[2023-03-21 00:26:52,232] {processor.py:641} INFO - Processing file /opt/airflow/dags/data_cleansed.py for tasks to queue
[2023-03-21 00:26:52,233] {logging_mixin.py:115} INFO - [2023-03-21 00:26:52,233] {dagbag.py:507} INFO - Filling up the DagBag from /opt/airflow/dags/data_cleansed.py
[2023-03-21 00:26:52,301] {processor.py:653} WARNING - No viable dags retrieved from /opt/airflow/dags/data_cleansed.py
[2023-03-21 00:26:52,317] {processor.py:161} INFO - Processing /opt/airflow/dags/data_cleansed.py took 0.092 seconds
[2023-03-21 00:27:22,721] {processor.py:153} INFO - Started process (PID=4493) to work on /opt/airflow/dags/data_cleansed.py
[2023-03-21 00:27:22,722] {processor.py:641} INFO - Processing file /opt/airflow/dags/data_cleansed.py for tasks to queue
[2023-03-21 00:27:22,723] {logging_mixin.py:115} INFO - [2023-03-21 00:27:22,723] {dagbag.py:507} INFO - Filling up the DagBag from /opt/airflow/dags/data_cleansed.py
[2023-03-21 00:27:22,814] {processor.py:653} WARNING - No viable dags retrieved from /opt/airflow/dags/data_cleansed.py
[2023-03-21 00:27:22,836] {processor.py:161} INFO - Processing /opt/airflow/dags/data_cleansed.py took 0.120 seconds
[2023-03-21 00:27:53,101] {processor.py:153} INFO - Started process (PID=4558) to work on /opt/airflow/dags/data_cleansed.py
[2023-03-21 00:27:53,103] {processor.py:641} INFO - Processing file /opt/airflow/dags/data_cleansed.py for tasks to queue
[2023-03-21 00:27:53,105] {logging_mixin.py:115} INFO - [2023-03-21 00:27:53,104] {dagbag.py:507} INFO - Filling up the DagBag from /opt/airflow/dags/data_cleansed.py
[2023-03-21 00:27:53,170] {processor.py:653} WARNING - No viable dags retrieved from /opt/airflow/dags/data_cleansed.py
[2023-03-21 00:27:53,186] {processor.py:161} INFO - Processing /opt/airflow/dags/data_cleansed.py took 0.089 seconds
[2023-03-21 00:28:23,531] {processor.py:153} INFO - Started process (PID=4613) to work on /opt/airflow/dags/data_cleansed.py
[2023-03-21 00:28:23,532] {processor.py:641} INFO - Processing file /opt/airflow/dags/data_cleansed.py for tasks to queue
[2023-03-21 00:28:23,534] {logging_mixin.py:115} INFO - [2023-03-21 00:28:23,534] {dagbag.py:507} INFO - Filling up the DagBag from /opt/airflow/dags/data_cleansed.py
[2023-03-21 00:28:23,600] {processor.py:653} WARNING - No viable dags retrieved from /opt/airflow/dags/data_cleansed.py
[2023-03-21 00:28:23,614] {processor.py:161} INFO - Processing /opt/airflow/dags/data_cleansed.py took 0.089 seconds
[2023-03-21 00:28:53,918] {processor.py:153} INFO - Started process (PID=4677) to work on /opt/airflow/dags/data_cleansed.py
[2023-03-21 00:28:53,920] {processor.py:641} INFO - Processing file /opt/airflow/dags/data_cleansed.py for tasks to queue
[2023-03-21 00:28:53,921] {logging_mixin.py:115} INFO - [2023-03-21 00:28:53,921] {dagbag.py:507} INFO - Filling up the DagBag from /opt/airflow/dags/data_cleansed.py
[2023-03-21 00:28:53,994] {processor.py:653} WARNING - No viable dags retrieved from /opt/airflow/dags/data_cleansed.py
[2023-03-21 00:28:54,014] {processor.py:161} INFO - Processing /opt/airflow/dags/data_cleansed.py took 0.101 seconds
[2023-03-21 00:29:24,423] {processor.py:153} INFO - Started process (PID=4740) to work on /opt/airflow/dags/data_cleansed.py
[2023-03-21 00:29:24,431] {processor.py:641} INFO - Processing file /opt/airflow/dags/data_cleansed.py for tasks to queue
[2023-03-21 00:29:24,444] {logging_mixin.py:115} INFO - [2023-03-21 00:29:24,443] {dagbag.py:507} INFO - Filling up the DagBag from /opt/airflow/dags/data_cleansed.py
[2023-03-21 00:29:24,618] {processor.py:653} WARNING - No viable dags retrieved from /opt/airflow/dags/data_cleansed.py
[2023-03-21 00:29:24,635] {processor.py:161} INFO - Processing /opt/airflow/dags/data_cleansed.py took 0.226 seconds
[2023-03-21 00:29:55,211] {processor.py:153} INFO - Started process (PID=4798) to work on /opt/airflow/dags/data_cleansed.py
[2023-03-21 00:29:55,212] {processor.py:641} INFO - Processing file /opt/airflow/dags/data_cleansed.py for tasks to queue
[2023-03-21 00:29:55,213] {logging_mixin.py:115} INFO - [2023-03-21 00:29:55,213] {dagbag.py:507} INFO - Filling up the DagBag from /opt/airflow/dags/data_cleansed.py
[2023-03-21 00:29:55,276] {processor.py:653} WARNING - No viable dags retrieved from /opt/airflow/dags/data_cleansed.py
[2023-03-21 00:29:55,290] {processor.py:161} INFO - Processing /opt/airflow/dags/data_cleansed.py took 0.085 seconds
[2023-03-21 00:30:25,792] {processor.py:153} INFO - Started process (PID=4863) to work on /opt/airflow/dags/data_cleansed.py
[2023-03-21 00:30:25,793] {processor.py:641} INFO - Processing file /opt/airflow/dags/data_cleansed.py for tasks to queue
[2023-03-21 00:30:25,795] {logging_mixin.py:115} INFO - [2023-03-21 00:30:25,795] {dagbag.py:507} INFO - Filling up the DagBag from /opt/airflow/dags/data_cleansed.py
[2023-03-21 00:30:25,887] {processor.py:653} WARNING - No viable dags retrieved from /opt/airflow/dags/data_cleansed.py
[2023-03-21 00:30:25,906] {processor.py:161} INFO - Processing /opt/airflow/dags/data_cleansed.py took 0.119 seconds
[2023-03-21 00:30:36,484] {processor.py:153} INFO - Started process (PID=4907) to work on /opt/airflow/dags/data_cleansed.py
[2023-03-21 00:30:36,486] {processor.py:641} INFO - Processing file /opt/airflow/dags/data_cleansed.py for tasks to queue
[2023-03-21 00:30:36,488] {logging_mixin.py:115} INFO - [2023-03-21 00:30:36,488] {dagbag.py:507} INFO - Filling up the DagBag from /opt/airflow/dags/data_cleansed.py
[2023-03-21 00:30:36,493] {logging_mixin.py:115} INFO - [2023-03-21 00:30:36,493] {dagbag.py:300} INFO - File /opt/airflow/dags/data_cleansed.py assumed to contain no DAGs. Skipping.
[2023-03-21 00:30:36,494] {processor.py:653} WARNING - No viable dags retrieved from /opt/airflow/dags/data_cleansed.py
[2023-03-21 00:30:36,521] {processor.py:161} INFO - Processing /opt/airflow/dags/data_cleansed.py took 0.050 seconds
