[2023-03-21 00:53:28,217] {taskinstance.py:1159} INFO - Dependencies all met for <TaskInstance: dag_oetker_app.run_my_script_task manual__2023-03-21T00:53:26.809536+00:00 [queued]>
[2023-03-21 00:53:28,227] {taskinstance.py:1159} INFO - Dependencies all met for <TaskInstance: dag_oetker_app.run_my_script_task manual__2023-03-21T00:53:26.809536+00:00 [queued]>
[2023-03-21 00:53:28,228] {taskinstance.py:1356} INFO - 
--------------------------------------------------------------------------------
[2023-03-21 00:53:28,229] {taskinstance.py:1357} INFO - Starting attempt 1 of 1
[2023-03-21 00:53:28,229] {taskinstance.py:1358} INFO - 
--------------------------------------------------------------------------------
[2023-03-21 00:53:28,246] {taskinstance.py:1377} INFO - Executing <Task(PythonOperator): run_my_script_task> on 2023-03-21 00:53:26.809536+00:00
[2023-03-21 00:53:28,252] {standard_task_runner.py:52} INFO - Started process 909 to run task
[2023-03-21 00:53:28,256] {standard_task_runner.py:79} INFO - Running: ['***', 'tasks', 'run', 'dag_oetker_app', 'run_my_script_task', 'manual__2023-03-21T00:53:26.809536+00:00', '--job-id', '8', '--raw', '--subdir', 'DAGS_FOLDER/dag_oetker_app.py', '--cfg-path', '/tmp/tmpcukz0zy5', '--error-file', '/tmp/tmp5u744qn2']
[2023-03-21 00:53:28,257] {standard_task_runner.py:80} INFO - Job 8: Subtask run_my_script_task
[2023-03-21 00:53:28,324] {task_command.py:369} INFO - Running <TaskInstance: dag_oetker_app.run_my_script_task manual__2023-03-21T00:53:26.809536+00:00 [running]> on host c1a00f97877f
[2023-03-21 00:53:28,391] {taskinstance.py:1571} INFO - Exporting the following env vars:
AIRFLOW_CTX_DAG_OWNER=julia
AIRFLOW_CTX_DAG_ID=dag_oetker_app
AIRFLOW_CTX_TASK_ID=run_my_script_task
AIRFLOW_CTX_EXECUTION_DATE=2023-03-21T00:53:26.809536+00:00
AIRFLOW_CTX_TRY_NUMBER=1
AIRFLOW_CTX_DAG_RUN_ID=manual__2023-03-21T00:53:26.809536+00:00
[2023-03-21 00:53:28,573] {extract_raw_data.py:20} INFO - success....raw data file saved into /opt/***/output/ folder
[2023-03-21 00:53:28,574] {python.py:173} INFO - Done. Returned value was: None
[2023-03-21 00:53:28,587] {taskinstance.py:1400} INFO - Marking task as SUCCESS. dag_id=dag_oetker_app, task_id=run_my_script_task, execution_date=20230321T005326, start_date=20230321T005328, end_date=20230321T005328
[2023-03-21 00:53:28,637] {local_task_job.py:156} INFO - Task exited with return code 0
[2023-03-21 00:53:28,678] {local_task_job.py:273} INFO - 0 downstream tasks scheduled from follow-on schedule check
